<Tue Jan 21 11:51:13 EST 2014><plugins.functions.gui> ERROR: This is a test exception
plugins.functions.gui.ErrorTest.throwError(ErrorTest.java:27)
plugins.functions.gui.ErrorTest.actionPerformed(ErrorTest.java:33)
javax.swing.AbstractButton.fireActionPerformed(Unknown Source)
javax.swing.AbstractButton$Handler.actionPerformed(Unknown Source)
javax.swing.DefaultButtonModel.fireActionPerformed(Unknown Source)
javax.swing.DefaultButtonModel.setPressed(Unknown Source)
javax.swing.AbstractButton.doClick(Unknown Source)
javax.swing.plaf.basic.BasicMenuItemUI.doClick(Unknown Source)
javax.swing.plaf.basic.BasicMenuItemUI$Handler.mouseReleased(Unknown Source)
java.awt.AWTEventMulticaster.mouseReleased(Unknown Source)
java.awt.Component.processMouseEvent(Unknown Source)
javax.swing.JComponent.processMouseEvent(Unknown Source)
java.awt.Component.processEvent(Unknown Source)
java.awt.Container.processEvent(Unknown Source)
java.awt.Component.dispatchEventImpl(Unknown Source)
java.awt.Container.dispatchEventImpl(Unknown Source)
java.awt.Component.dispatchEvent(Unknown Source)
java.awt.LightweightDispatcher.retargetMouseEvent(Unknown Source)
java.awt.LightweightDispatcher.processMouseEvent(Unknown Source)
java.awt.LightweightDispatcher.dispatchEvent(Unknown Source)
java.awt.Container.dispatchEventImpl(Unknown Source)
java.awt.Window.dispatchEventImpl(Unknown Source)
java.awt.Component.dispatchEvent(Unknown Source)
java.awt.EventQueue.dispatchEventImpl(Unknown Source)
java.awt.EventQueue.access$200(Unknown Source)
java.awt.EventQueue$3.run(Unknown Source)
java.awt.EventQueue$3.run(Unknown Source)
java.security.AccessController.doPrivileged(Native Method)
java.security.ProtectionDomain$1.doIntersectionPrivilege(Unknown Source)
java.security.ProtectionDomain$1.doIntersectionPrivilege(Unknown Source)
java.awt.EventQueue$4.run(Unknown Source)
java.awt.EventQueue$4.run(Unknown Source)
java.security.AccessController.doPrivileged(Native Method)
java.security.ProtectionDomain$1.doIntersectionPrivilege(Unknown Source)
java.awt.EventQueue.dispatchEvent(Unknown Source)
java.awt.EventDispatchThread.pumpOneEventForFilters(Unknown Source)
java.awt.EventDispatchThread.pumpEventsForFilter(Unknown Source)
java.awt.EventDispatchThread.pumpEventsForHierarchy(Unknown Source)
java.awt.EventDispatchThread.pumpEvents(Unknown Source)
java.awt.EventDispatchThread.pumpEvents(Unknown Source)
java.awt.EventDispatchThread.run(Unknown Source)

