<Tue May 27 15:19:33 EDT 2014><org.apache.felix.framework>JProbe started.
<Tue May 27 15:19:33 EDT 2014><plugins.functions.gui>Function menu started.
<Tue May 27 15:19:33 EDT 2014><plugins.dataviewer.gui>DataViewer started.
<Tue May 27 15:19:34 EDT 2014><plugins.testDataAndFunction.Activator>TestPlugin started.
<Tue May 27 15:19:45 EDT 2014><plugins.functions.gui>test clicked
<Tue May 27 15:19:57 EDT 2014><plugins.functions.gui>test clicked
<Tue May 27 15:20:02 EDT 2014><plugins.functions.gui>test clicked
<Tue May 27 15:20:07 EDT 2014><plugins.functions.gui>long clicked
<Tue May 27 15:20:08 EDT 2014><plugins.testDataAndFunction.Activator>Running long function
<Tue May 27 15:20:08 EDT 2014><plugins.testDataAndFunction.Activator>Progress = 1
<Tue May 27 15:20:08 EDT 2014><plugins.testDataAndFunction.Activator>Progress = 2
<Tue May 27 15:20:08 EDT 2014><plugins.testDataAndFunction.Activator>Progress = 3
<Tue May 27 15:20:08 EDT 2014><plugins.testDataAndFunction.Activator>Progress = 4
<Tue May 27 15:20:08 EDT 2014><plugins.testDataAndFunction.Activator>Progress = 5
<Tue May 27 15:20:08 EDT 2014><plugins.testDataAndFunction.Activator>Progress = 6
<Tue May 27 15:20:08 EDT 2014><plugins.testDataAndFunction.Activator>Progress = 7
<Tue May 27 15:20:08 EDT 2014><plugins.testDataAndFunction.Activator>Progress = 8
<Tue May 27 15:20:09 EDT 2014><plugins.testDataAndFunction.Activator>Progress = 9
<Tue May 27 15:20:09 EDT 2014><plugins.testDataAndFunction.Activator>Progress = 10
<Tue May 27 15:20:09 EDT 2014><plugins.testDataAndFunction.Activator>Progress = 11
<Tue May 27 15:20:09 EDT 2014><plugins.testDataAndFunction.Activator>Progress = 12
<Tue May 27 15:20:09 EDT 2014><plugins.testDataAndFunction.Activator>Progress = 13
<Tue May 27 15:20:09 EDT 2014><plugins.testDataAndFunction.Activator>Progress = 14
<Tue May 27 15:20:09 EDT 2014><plugins.testDataAndFunction.Activator>Progress = 15
<Tue May 27 15:20:09 EDT 2014><plugins.testDataAndFunction.Activator>Progress = 16
<Tue May 27 15:20:09 EDT 2014><plugins.testDataAndFunction.Activator>Progress = 17
<Tue May 27 15:20:09 EDT 2014><plugins.testDataAndFunction.Activator>Progress = 18
<Tue May 27 15:20:10 EDT 2014><plugins.testDataAndFunction.Activator>Progress = 19
<Tue May 27 15:20:10 EDT 2014><plugins.testDataAndFunction.Activator>Progress = 20
<Tue May 27 15:20:10 EDT 2014><plugins.testDataAndFunction.Activator>Progress = 21
<Tue May 27 15:20:10 EDT 2014><plugins.testDataAndFunction.Activator>Progress = 22
<Tue May 27 15:20:10 EDT 2014><plugins.testDataAndFunction.Activator>Progress = 23
<Tue May 27 15:20:10 EDT 2014><plugins.testDataAndFunction.Activator>Progress = 24
<Tue May 27 15:20:10 EDT 2014><plugins.testDataAndFunction.Activator>Progress = 25
<Tue May 27 15:20:10 EDT 2014><plugins.testDataAndFunction.Activator>Progress = 26
<Tue May 27 15:20:10 EDT 2014><plugins.testDataAndFunction.Activator>Progress = 27
<Tue May 27 15:20:10 EDT 2014><plugins.testDataAndFunction.Activator>Progress = 28
<Tue May 27 15:20:11 EDT 2014><plugins.testDataAndFunction.Activator>Progress = 29
<Tue May 27 15:20:11 EDT 2014><plugins.testDataAndFunction.Activator>Progress = 30
<Tue May 27 15:20:11 EDT 2014><plugins.testDataAndFunction.Activator>Progress = 31
<Tue May 27 15:20:11 EDT 2014><plugins.testDataAndFunction.Activator>Progress = 32
<Tue May 27 15:20:11 EDT 2014><plugins.testDataAndFunction.Activator>Progress = 33
<Tue May 27 15:20:11 EDT 2014><plugins.testDataAndFunction.Activator>Progress = 34
<Tue May 27 15:20:11 EDT 2014><plugins.testDataAndFunction.Activator>Progress = 35
<Tue May 27 15:20:11 EDT 2014><plugins.testDataAndFunction.Activator>Progress = 36
<Tue May 27 15:20:11 EDT 2014><plugins.testDataAndFunction.Activator>Progress = 37
<Tue May 27 15:20:11 EDT 2014><plugins.testDataAndFunction.Activator>Progress = 38
<Tue May 27 15:20:12 EDT 2014><plugins.testDataAndFunction.Activator>Progress = 39
<Tue May 27 15:20:12 EDT 2014><plugins.testDataAndFunction.Activator>Progress = 40
<Tue May 27 15:20:12 EDT 2014><plugins.testDataAndFunction.Activator>Progress = 41
<Tue May 27 15:20:12 EDT 2014><plugins.testDataAndFunction.Activator>Progress = 42
<Tue May 27 15:20:12 EDT 2014><plugins.testDataAndFunction.Activator>Progress = 43
<Tue May 27 15:20:12 EDT 2014><plugins.testDataAndFunction.Activator>Progress = 44
<Tue May 27 15:20:12 EDT 2014><plugins.testDataAndFunction.Activator>Progress = 45
<Tue May 27 15:20:12 EDT 2014><plugins.testDataAndFunction.Activator>Progress = 46
<Tue May 27 15:20:12 EDT 2014><plugins.testDataAndFunction.Activator>Progress = 47
<Tue May 27 15:20:12 EDT 2014><plugins.testDataAndFunction.Activator>Progress = 48
<Tue May 27 15:20:13 EDT 2014><plugins.testDataAndFunction.Activator>Progress = 49
<Tue May 27 15:20:13 EDT 2014><plugins.testDataAndFunction.Activator>Progress = 50
<Tue May 27 15:20:13 EDT 2014><plugins.testDataAndFunction.Activator>Progress = 51
<Tue May 27 15:20:13 EDT 2014><plugins.testDataAndFunction.Activator>Progress = 52
<Tue May 27 15:20:13 EDT 2014><plugins.testDataAndFunction.Activator>Progress = 53
<Tue May 27 15:20:13 EDT 2014><plugins.testDataAndFunction.Activator>Progress = 54
<Tue May 27 15:20:13 EDT 2014><plugins.testDataAndFunction.Activator>Progress = 55
<Tue May 27 15:20:13 EDT 2014><plugins.testDataAndFunction.Activator>Progress = 56
<Tue May 27 15:20:13 EDT 2014><plugins.testDataAndFunction.Activator>Progress = 57
<Tue May 27 15:20:13 EDT 2014><plugins.testDataAndFunction.Activator>Progress = 58
<Tue May 27 15:20:14 EDT 2014><plugins.testDataAndFunction.Activator>Progress = 59
<Tue May 27 15:20:14 EDT 2014><plugins.testDataAndFunction.Activator>Progress = 60
<Tue May 27 15:20:14 EDT 2014><plugins.testDataAndFunction.Activator>Progress = 61
<Tue May 27 15:20:14 EDT 2014><plugins.testDataAndFunction.Activator>Progress = 62
<Tue May 27 15:20:14 EDT 2014><plugins.testDataAndFunction.Activator>Progress = 63
<Tue May 27 15:20:14 EDT 2014><plugins.testDataAndFunction.Activator>Progress = 64
<Tue May 27 15:20:14 EDT 2014><plugins.testDataAndFunction.Activator>Progress = 65
<Tue May 27 15:20:14 EDT 2014><plugins.testDataAndFunction.Activator>Progress = 66
<Tue May 27 15:20:14 EDT 2014><plugins.testDataAndFunction.Activator>Progress = 67
<Tue May 27 15:20:14 EDT 2014><plugins.testDataAndFunction.Activator>Progress = 68
<Tue May 27 15:20:15 EDT 2014><plugins.testDataAndFunction.Activator>Progress = 69
<Tue May 27 15:20:15 EDT 2014><plugins.testDataAndFunction.Activator>Progress = 70
<Tue May 27 15:20:15 EDT 2014><plugins.testDataAndFunction.Activator>Progress = 71
<Tue May 27 15:20:15 EDT 2014><plugins.testDataAndFunction.Activator>Progress = 72
<Tue May 27 15:20:15 EDT 2014><plugins.testDataAndFunction.Activator>Progress = 73
<Tue May 27 15:20:15 EDT 2014><plugins.testDataAndFunction.Activator>Progress = 74
<Tue May 27 15:20:15 EDT 2014><plugins.testDataAndFunction.Activator>Progress = 75
<Tue May 27 15:20:15 EDT 2014><plugins.testDataAndFunction.Activator>Progress = 76
<Tue May 27 15:20:15 EDT 2014><plugins.testDataAndFunction.Activator>Progress = 77
<Tue May 27 15:20:15 EDT 2014><plugins.testDataAndFunction.Activator>Progress = 78
<Tue May 27 15:20:16 EDT 2014><plugins.testDataAndFunction.Activator>Progress = 79
<Tue May 27 15:20:16 EDT 2014><plugins.testDataAndFunction.Activator>Progress = 80
<Tue May 27 15:20:16 EDT 2014><plugins.testDataAndFunction.Activator>Progress = 81
<Tue May 27 15:20:16 EDT 2014><plugins.testDataAndFunction.Activator>Progress = 82
<Tue May 27 15:20:16 EDT 2014><plugins.testDataAndFunction.Activator>Progress = 83
<Tue May 27 15:20:16 EDT 2014><plugins.testDataAndFunction.Activator>Progress = 84
<Tue May 27 15:20:16 EDT 2014><plugins.testDataAndFunction.Activator>Progress = 85
<Tue May 27 15:20:16 EDT 2014><plugins.testDataAndFunction.Activator>Progress = 86
<Tue May 27 15:20:16 EDT 2014><plugins.testDataAndFunction.Activator>Progress = 87
<Tue May 27 15:20:17 EDT 2014><plugins.testDataAndFunction.Activator>Progress = 88
<Tue May 27 15:20:17 EDT 2014><plugins.testDataAndFunction.Activator>Progress = 89
<Tue May 27 15:20:17 EDT 2014><plugins.testDataAndFunction.Activator>Progress = 90
<Tue May 27 15:20:17 EDT 2014><plugins.testDataAndFunction.Activator>Progress = 91
<Tue May 27 15:20:17 EDT 2014><plugins.testDataAndFunction.Activator>Progress = 92
<Tue May 27 15:20:17 EDT 2014><plugins.testDataAndFunction.Activator>Progress = 93
<Tue May 27 15:20:17 EDT 2014><plugins.testDataAndFunction.Activator>Progress = 94
<Tue May 27 15:20:17 EDT 2014><plugins.testDataAndFunction.Activator>Progress = 95
<Tue May 27 15:20:17 EDT 2014><plugins.testDataAndFunction.Activator>Progress = 96
<Tue May 27 15:20:17 EDT 2014><plugins.testDataAndFunction.Activator>Progress = 97
<Tue May 27 15:20:18 EDT 2014><plugins.testDataAndFunction.Activator>Progress = 98
<Tue May 27 15:20:18 EDT 2014><plugins.testDataAndFunction.Activator>Progress = 99
<Tue May 27 15:20:18 EDT 2014><plugins.testDataAndFunction.Activator>Progress = 100
<Tue May 27 15:20:22 EDT 2014><plugins.functions.gui>dataAndFields clicked
<Tue May 27 15:20:26 EDT 2014><plugins.functions.gui>fields clicked
<Tue May 27 15:21:05 EDT 2014><plugins.functions.gui>data clicked
<Tue May 27 15:21:49 EDT 2014><org.apache.felix.framework>JProbe shutting down.
