<Tue May 27 16:17:59 EDT 2014><plugins.jprobe.gui> ERROR: plugins/jprobegui_config.txt (No such file or directory)
java.io.FileInputStream.open(Native Method)
java.io.FileInputStream.<init>(FileInputStream.java:146)
java.util.Scanner.<init>(Scanner.java:656)
plugins.jprobe.gui.GUIConfig.scanFile(GUIConfig.java:32)
plugins.jprobe.gui.GUIConfig.<init>(GUIConfig.java:18)
plugins.jprobe.gui.GUIActivator.start(GUIActivator.java:37)
org.apache.felix.framework.util.SecureAction.startActivator(SecureAction.java:645)
org.apache.felix.framework.Felix.activateBundle(Felix.java:2146)
org.apache.felix.framework.Felix.startBundle(Felix.java:2064)
org.apache.felix.framework.Felix.setActiveStartLevel(Felix.java:1291)
org.apache.felix.framework.FrameworkStartLevelImpl.run(FrameworkStartLevelImpl.java:304)
java.lang.Thread.run(Thread.java:744)

<Tue May 27 16:22:01 EDT 2014><org.apache.felix.framework> ERROR: chiptools.jprobe.data.Kmer$Row
java.io.ObjectOutputStream.writeObject0(ObjectOutputStream.java:1183)
java.io.ObjectOutputStream.writeObject(ObjectOutputStream.java:347)
java.util.ArrayList.writeObject(ArrayList.java:742)
sun.reflect.GeneratedMethodAccessor24.invoke(Unknown Source)
sun.reflect.DelegatingMethodAccessorImpl.invoke(DelegatingMethodAccessorImpl.java:43)
java.lang.reflect.Method.invoke(Method.java:606)
java.io.ObjectStreamClass.invokeWriteObject(ObjectStreamClass.java:988)
java.io.ObjectOutputStream.writeSerialData(ObjectOutputStream.java:1495)
java.io.ObjectOutputStream.writeOrdinaryObject(ObjectOutputStream.java:1431)
java.io.ObjectOutputStream.writeObject0(ObjectOutputStream.java:1177)
java.io.ObjectOutputStream.defaultWriteFields(ObjectOutputStream.java:1547)
java.io.ObjectOutputStream.writeSerialData(ObjectOutputStream.java:1508)
java.io.ObjectOutputStream.writeOrdinaryObject(ObjectOutputStream.java:1431)
java.io.ObjectOutputStream.writeObject0(ObjectOutputStream.java:1177)
java.io.ObjectOutputStream.writeObject(ObjectOutputStream.java:347)
jprobe.CoreDataManager.save(CoreDataManager.java:400)
jprobe.save.SaveManager.save(SaveManager.java:36)
jprobe.JProbe.save(JProbe.java:165)
plugins.jprobe.gui.SaveLoadUtil.saveAs(SaveLoadUtil.java:26)
plugins.jprobe.gui.filemenu.SaveAsMenuItem.actionPerformed(SaveAsMenuItem.java:25)
javax.swing.AbstractButton.fireActionPerformed(AbstractButton.java:2018)
javax.swing.AbstractButton$Handler.actionPerformed(AbstractButton.java:2341)
javax.swing.DefaultButtonModel.fireActionPerformed(DefaultButtonModel.java:402)
javax.swing.DefaultButtonModel.setPressed(DefaultButtonModel.java:259)
javax.swing.AbstractButton.doClick(AbstractButton.java:376)
javax.swing.plaf.basic.BasicMenuItemUI.doClick(BasicMenuItemUI.java:833)
javax.swing.plaf.basic.BasicMenuItemUI$Handler.mouseReleased(BasicMenuItemUI.java:877)
java.awt.Component.processMouseEvent(Component.java:6505)
javax.swing.JComponent.processMouseEvent(JComponent.java:3311)
java.awt.Component.processEvent(Component.java:6270)
java.awt.Container.processEvent(Container.java:2229)
java.awt.Component.dispatchEventImpl(Component.java:4861)
java.awt.Container.dispatchEventImpl(Container.java:2287)
java.awt.Component.dispatchEvent(Component.java:4687)
java.awt.LightweightDispatcher.retargetMouseEvent(Container.java:4832)
java.awt.LightweightDispatcher.processMouseEvent(Container.java:4492)
java.awt.LightweightDispatcher.dispatchEvent(Container.java:4422)
java.awt.Container.dispatchEventImpl(Container.java:2273)
java.awt.Window.dispatchEventImpl(Window.java:2719)
java.awt.Component.dispatchEvent(Component.java:4687)
java.awt.EventQueue.dispatchEventImpl(EventQueue.java:735)
java.awt.EventQueue.access$200(EventQueue.java:103)
java.awt.EventQueue$3.run(EventQueue.java:694)
java.awt.EventQueue$3.run(EventQueue.java:692)
java.security.AccessController.doPrivileged(Native Method)
java.security.ProtectionDomain$1.doIntersectionPrivilege(ProtectionDomain.java:76)
java.security.ProtectionDomain$1.doIntersectionPrivilege(ProtectionDomain.java:87)
java.awt.EventQueue$4.run(EventQueue.java:708)
java.awt.EventQueue$4.run(EventQueue.java:706)
java.security.AccessController.doPrivileged(Native Method)
java.security.ProtectionDomain$1.doIntersectionPrivilege(ProtectionDomain.java:76)
java.awt.EventQueue.dispatchEvent(EventQueue.java:705)
java.awt.EventDispatchThread.pumpOneEventForFilters(EventDispatchThread.java:242)
java.awt.EventDispatchThread.pumpEventsForFilter(EventDispatchThread.java:161)
java.awt.EventDispatchThread.pumpEventsForHierarchy(EventDispatchThread.java:150)
java.awt.EventDispatchThread.pumpEvents(EventDispatchThread.java:146)
java.awt.EventDispatchThread.pumpEvents(EventDispatchThread.java:138)
java.awt.EventDispatchThread.run(EventDispatchThread.java:91)

